{"numFailedTestSuites":1,"numFailedTests":0,"numPassedTestSuites":2,"numPassedTests":4,"numPendingTestSuites":0,"numPendingTests":0,"numRuntimeErrorTestSuites":1,"numTodoTests":0,"numTotalTestSuites":3,"numTotalTests":4,"openHandles":[],"snapshot":{"added":0,"didUpdate":false,"failure":false,"filesAdded":0,"filesRemoved":0,"filesRemovedList":[],"filesUnmatched":0,"filesUpdated":0,"matched":0,"total":0,"unchecked":0,"uncheckedKeysByFile":[],"unmatched":0,"updated":0},"startTime":1752764950000,"success":false,"testResults":[{"assertionResults":[{"ancestorTitles":["SweetService","addSweet"],"duration":4,"failureDetails":[],"failureMessages":[],"fullName":"SweetService addSweet should add a new sweet with unique id","invocations":1,"location":null,"numPassingAsserts":2,"retryReasons":[],"status":"passed","title":"should add a new sweet with unique id"},{"ancestorTitles":["SweetService","addSweet"],"duration":7,"failureDetails":[],"failureMessages":[],"fullName":"SweetService addSweet should not add sweet with duplicate id","invocations":1,"location":null,"numPassingAsserts":1,"retryReasons":[],"status":"passed","title":"should not add sweet with duplicate id"}],"endTime":1752764950387,"message":"","name":"E:\\ME\\New folder\\Study\\Placements\\project\\SweetShop\\tests\\SweetService.test.js","startTime":1752764950047,"status":"passed","summary":""},{"assertionResults":[{"ancestorTitles":["Sweet Model"],"duration":1,"failureDetails":[],"failureMessages":[],"fullName":"Sweet Model should create a Sweet object with all fields","invocations":1,"location":null,"numPassingAsserts":5,"retryReasons":[],"status":"passed","title":"should create a Sweet object with all fields"},{"ancestorTitles":["Sweet Model"],"duration":6,"failureDetails":[],"failureMessages":[],"fullName":"Sweet Model should throw error if required fields are missing","invocations":1,"location":null,"numPassingAsserts":2,"retryReasons":[],"status":"passed","title":"should throw error if required fields are missing"}],"endTime":1752764950477,"message":"","name":"E:\\ME\\New folder\\Study\\Placements\\project\\SweetShop\\tests\\Sweet.test.js","startTime":1752764950400,"status":"passed","summary":""},{"assertionResults":[],"coverage":{},"endTime":1752764950570,"message":"  \u001b[1m● \u001b[22mTest suite failed to run\n\n    Your test suite must contain at least one test.\n\n      \u001b[2mat onResult (\u001b[22mnode_modules/@jest/core/build/TestScheduler.js\u001b[2m:133:18)\u001b[22m\n      \u001b[2mat \u001b[22mnode_modules/@jest/core/build/TestScheduler.js\u001b[2m:254:19\u001b[22m\n      \u001b[2mat \u001b[22mnode_modules/emittery/index.js\u001b[2m:363:13\u001b[22m\n          at Array.map (<anonymous>)\n      \u001b[2mat Emittery.emit (\u001b[22mnode_modules/emittery/index.js\u001b[2m:361:23)\u001b[22m\n","name":"E:\\ME\\New folder\\Study\\Placements\\project\\SweetShop\\tests\\SweetController.test.js","startTime":1752764950570,"status":"failed","summary":""}],"wasInterrupted":false}
